<?xml version="1.0" encoding="UTF-8"?>
<testsuite xmlns:xsi="http://www.w3.org/2001/XMLSchema-instance" xsi:noNamespaceSchemaLocation="https://maven.apache.org/surefire/maven-surefire-plugin/xsd/surefire-test-report.xsd" name="com.qa.test.TestRunner" time="6.542" tests="12" errors="0" skipped="0" failures="2">
  <properties>
[...]
</properties>
  <testcase name="Given I perform GET operation for &quot;/posts&quot;" classname="Scenario: Verify the status code of the given endpoint" time="0.001"/>
  <testcase name="Then I should get the StatusCode &quot;200&quot;" classname="Scenario: Verify the status code of the given endpoint" time="0.001"/>
  <testcase name="Scenario: Verify the status code of the given endpoint" classname="Scenario: Verify the status code of the given endpoint" time="0.001"/>
  <testcase name="Given I perform GET operation for &quot;/posts&quot;" classname="| Content-Type | application/json |" time="0"/>
  <testcase name="Then I should get the &quot;Content-Type&quot; as &quot;application/json&quot;" classname="| Content-Type | application/json |" time="0.005">
    <failure message="expected:&lt;application/json[; charset=utf-8]&gt; but was:&lt;application/json[]&gt;" type="org.junit.ComparisonFailure"><![CDATA[org.junit.ComparisonFailure: expected:<application/json[; charset=utf-8]> but was:<application/json[]>
]]></failure>
  </testcase>
  <testcase name="| Content-Type | application/json |" classname="| Content-Type | application/json |" time="0.006">
    <failure message="expected:&lt;application/json[; charset=utf-8]&gt; but was:&lt;application/json[]&gt;" type="org.junit.ComparisonFailure"><![CDATA[org.junit.ComparisonFailure: expected:<application/json[; charset=utf-8]> but was:<application/json[]>
]]></failure>
  </testcase>
  <testcase name="Given I perform GET operation for &quot;/posts&quot;" classname="| Server | cloudflare |" time="0"/>
  <testcase name="Then I should get the &quot;Server&quot; as &quot;cloudflare&quot;" classname="| Server | cloudflare |" time="0"/>
  <testcase name="| Server | cloudflare |" classname="| Server | cloudflare |" time="0"/>
  <testcase name="Given I perform GET operation for &quot;/posts&quot;" classname="| Content-Encoding | gzip |" time="0"/>
  <testcase name="Then I should get the &quot;Content-Encoding&quot; as &quot;gzip&quot;" classname="| Content-Encoding | gzip |" time="0"/>
  <testcase name="| Content-Encoding | gzip |" classname="| Content-Encoding | gzip |" time="0.001"/>
</testsuite>